Arguments: 
  C:\Program Files\nodejs\node.exe C:\Users\11456\AppData\Roaming\npm\node_modules\yarn\bin\yarn.js install

PATH: 
  C:\Windows\System32;C:\Program Files\Microsoft\Web Platform Installer\;C:\Program Files (x86)\Microsoft ASP.NET\ASP.NET Web Pages\v1.0\;C:\Program Files\Microsoft SQL Server\110\Tools\Binn\;C:\Program Files\Microsoft SQL Server\130\Tools\Binn\;C:\Program Files (x86)\GtkSharp\2.12\bin;C:\Program Files\dotnet\;C:\Program Files\nodejs\;C:\Program Files\Java\jdk-11.0.1\bin;C:\Program Files\Java\jdk-11.0.1\jre\bin;;C:\Users\11456\AppData\Local\Programs\Microsoft VS Code\bin;C:\Users\11456\AppData\Roaming\npm;C:\Users\11456\.dotnet\tools

Yarn version: 
  1.9.4

Node version: 
  10.15.3

Platform: 
  win32 x64

Trace: 
  Error: https://registry.npm.taobao.org/rxjs/download/rxjs-6.5.2.tgz: ESOCKETTIMEDOUT
      at ClientRequest.<anonymous> (C:\Users\11456\AppData\Roaming\npm\node_modules\yarn\lib\cli.js:138095:19)
      at Object.onceWrapper (events.js:277:13)
      at ClientRequest.emit (events.js:189:13)
      at TLSSocket.emitRequestTimeout (_http_client.js:662:40)
      at Object.onceWrapper (events.js:277:13)
      at TLSSocket.emit (events.js:189:13)
      at TLSSocket.Socket._onTimeout (net.js:440:8)
      at ontimeout (timers.js:436:11)
      at tryOnTimeout (timers.js:300:5)
      at listOnTimeout (timers.js:263:5)

npm manifest: 
  {
    "name": "FoodSystemDemo01",
    "version": "1.0.0",
    "private": true,
    "description": "",
    "templateInfo": {
      "name": "default",
      "typescript": false,
      "css": "sass"
    },
    "scripts": {
      "build:weapp": "taro build --type weapp",
      "build:swan": "taro build --type swan",
      "build:alipay": "taro build --type alipay",
      "build:tt": "taro build --type tt",
      "build:h5": "taro build --type h5",
      "build:rn": "taro build --type rn",
      "build:qq": "taro build --type qq",
      "build:quickapp": "taro build --type quickapp",
      "dev:weapp": "npm run build:weapp -- --watch",
      "dev:swan": "npm run build:swan -- --watch",
      "dev:alipay": "npm run build:alipay -- --watch",
      "dev:tt": "npm run build:tt -- --watch",
      "dev:h5": "npm run build:h5 -- --watch",
      "dev:rn": "npm run build:rn -- --watch",
      "dev:qq": "npm run build:qq -- --watch",
      "dev:quickapp": "npm run build:quickapp -- --watch"
    },
    "author": "",
    "license": "MIT",
    "dependencies": {
      "@tarojs/components": "1.3.14",
      "@tarojs/router": "1.3.14",
      "@tarojs/taro": "1.3.14",
      "@tarojs/taro-alipay": "1.3.14",
      "@tarojs/taro-h5": "1.3.14",
      "@tarojs/taro-qq": "1.3.14",
      "@tarojs/taro-quickapp": "1.3.14",
      "@tarojs/taro-swan": "1.3.14",
      "@tarojs/taro-tt": "1.3.14",
      "@tarojs/taro-weapp": "1.3.14",
      "nervjs": "^1.4.0",
      "nerv-devtools": "^1.4.0"
    },
    "devDependencies": {
      "@types/react": "^16.4.6",
      "@types/webpack-env": "^1.13.6",
      "@tarojs/plugin-babel": "1.3.14",
      "@tarojs/plugin-csso": "1.3.14",
      "@tarojs/plugin-sass": "1.3.14",
      "@tarojs/plugin-uglifyjs": "1.3.14",
      "@tarojs/webpack-runner": "1.3.14",
      "babel-plugin-transform-class-properties": "^6.24.1",
      "babel-plugin-transform-decorators-legacy": "^1.3.4",
      "babel-plugin-transform-jsx-stylesheet": "^0.6.5",
      "babel-plugin-transform-object-rest-spread": "^6.26.0",
      "babel-preset-env": "^1.6.1",
      "babel-eslint": "^8.2.3",
      "eslint": "^5.16.0",
      "eslint-config-taro": "1.3.14",
      "eslint-plugin-react": "^7.8.2",
      "eslint-plugin-react-hooks": "^1.6.1",
      "eslint-plugin-import": "^2.12.0",
      "stylelint": "9.3.0",
      "stylelint-config-taro-rn": "1.3.14",
      "stylelint-taro-rn": "1.3.14",
      "eslint-plugin-taro": "1.3.14"
    }
  }

yarn manifest: 
  No manifest

Lockfile: 
  No lockfile
